app/build/intermediates/proguard-rules/debug/aapt_rules.txt
# view res/layout/design_navigation_item.xml #generated:17
-keep class android.support.design.internal.NavigationMenuItemView { <init>(...); }

# view res/layout/design_navigation_menu.xml #generated:17
-keep class android.support.design.internal.NavigationMenuView { <init>(...); }

# view res/layout/design_bottom_sheet_dialog.xml #generated:17
-keep class android.support.design.widget.CoordinatorLayout { <init>(...); }

# view res/layout/activity_quiz.xml #generated:71
# view res/layout/fab_done.xml #generated:1
-keep class android.support.design.widget.FloatingActionButton { <init>(...); }

# view res/layout/design_layout_snackbar.xml #generated:18
# view sw600dp-v13\res/layout-sw600dp-v13/design_layout_snackbar.xml #generated:18
-keep class android.support.design.widget.Snackbar$SnackbarLayout { <init>(...); }

# view res/layout/abc_alert_dialog_material.xml #generated:75
-keep class android.support.v4.widget.NestedScrollView { <init>(...); }

# view res/layout/abc_alert_dialog_button_bar_material.xml #generated:40
-keep class android.support.v4.widget.Space { <init>(...); }

# view res/layout/abc_action_menu_item_layout.xml #generated:17
-keep class android.support.v7.view.menu.ActionMenuItemView { <init>(...); }

# view res/layout/abc_expanded_menu_layout.xml #generated:17
-keep class android.support.v7.view.menu.ExpandedMenuView { <init>(...); }

# view res/layout/abc_list_menu_item_layout.xml #generated:17
# view res/layout/abc_popup_menu_item_layout.xml #generated:17
-keep class android.support.v7.view.menu.ListMenuItemView { <init>(...); }

# view res/layout/abc_screen_toolbar.xml #generated:27
-keep class android.support.v7.widget.ActionBarContainer { <init>(...); }

# view res/layout/abc_action_mode_bar.xml #generated:19
# view res/layout/abc_screen_toolbar.xml #generated:43
-keep class android.support.v7.widget.ActionBarContextView { <init>(...); }

# view res/layout/abc_screen_toolbar.xml #generated:17
-keep class android.support.v7.widget.ActionBarOverlayLayout { <init>(...); }

# view res/layout/abc_action_menu_layout.xml #generated:17
-keep class android.support.v7.widget.ActionMenuView { <init>(...); }

# view res/layout/abc_activity_chooser_view.xml #generated:19
-keep class android.support.v7.widget.ActivityChooserView$InnerLayout { <init>(...); }

# view res/layout/abc_alert_dialog_button_bar_material.xml #generated:18
-keep class android.support.v7.widget.ButtonBarLayout { <init>(...); }

# view res/layout/listitem_opensource.xml #generated:2
-keep class android.support.v7.widget.CardView { <init>(...); }

# view res/layout/abc_screen_content_include.xml #generated:19
-keep class android.support.v7.widget.ContentFrameLayout { <init>(...); }

# view res/layout/abc_alert_dialog_material.xml #generated:48
-keep class android.support.v7.widget.DialogTitle { <init>(...); }

# view res/layout/abc_screen_simple_overlay_action_mode.xml #generated:23
-keep class android.support.v7.widget.FitWindowsFrameLayout { <init>(...); }

# view res/layout/abc_dialog_title_material.xml #generated:22
# view res/layout/abc_screen_simple.xml #generated:17
-keep class android.support.v7.widget.FitWindowsLinearLayout { <init>(...); }

# view res/layout/fragment_categories.xml #generated:1
# view res/layout/fragment_opensource.xml #generated:1
-keep class android.support.v7.widget.RecyclerView { <init>(...); }

# view res/layout/abc_search_view.xml #generated:78
-keep class android.support.v7.widget.SearchView$SearchAutoComplete { <init>(...); }

# view res/layout/abc_screen_toolbar.xml #generated:36
# view res/layout/activity_category_selection.xml #generated:10
# view res/layout/activity_opensource.xml #generated:7
# view res/layout/fragment_quiz.xml #generated:21
# view res/layout/view_toolbar.xml #generated:2
-keep class android.support.v7.widget.Toolbar { <init>(...); }

# view res/layout/abc_screen_simple.xml #generated:25
# view res/layout/abc_screen_simple_overlay_action_mode.xml #generated:32
-keep class android.support.v7.widget.ViewStubCompat { <init>(...); }

# view AndroidManifest.xml #generated:76
-keep class com.mikepenz.aboutlibraries.ui.LibsActivity { <init>(...); }

# view AndroidManifest.xml #generated:66
-keep class com.ss.stradesicure.UnityPlayerActivity { <init>(...); }

# view AndroidManifest.xml #generated:52
-keep class it.concorso.sanstino.stradesicure.activity.CategorySelectionActivity { <init>(...); }

# view AndroidManifest.xml #generated:48
-keep class it.concorso.sanstino.stradesicure.activity.MainActivity { <init>(...); }

# view AndroidManifest.xml #generated:44
-keep class it.concorso.sanstino.stradesicure.activity.MaterialIntroActivity { <init>(...); }

# view AndroidManifest.xml #generated:56
-keep class it.concorso.sanstino.stradesicure.activity.QuizActivity { <init>(...); }

# view AndroidManifest.xml #generated:62
-keep class it.concorso.sanstino.stradesicure.activity.SettingsActivity { <init>(...); }

# view AndroidManifest.xml #generated:34
-keep class it.concorso.sanstino.stradesicure.activity.SplashActivity { <init>(...); }

# view res/layout/fragment_grid_menu.xml #generated:13
-keep class it.concorso.sanstino.stradesicure.blurredgridmenu.BlurringView { <init>(...); }

# view res/layout/item_grid_menu.xml #generated:10
-keep class it.concorso.sanstino.stradesicure.blurredgridmenu.SquaredImageView { <init>(...); }

# view res/layout/activity_intro.xml #generated:10
-keep class it.concorso.sanstino.stradesicure.tutorial.view.FadeableViewPager { <init>(...); }

# view res/layout/activity_intro.xml #generated:31
-keep class it.concorso.sanstino.stradesicure.tutorial.view.InkPageIndicator { <init>(...); }

# view res/layout/activity_main_old.xml #generated:28
# view res/layout/activity_main_old.xml #generated:42
# view res/layout/activity_main_old.xml #generated:56
# view res/layout/activity_main_old.xml #generated:74
# view res/layout/activity_main_old.xml #generated:88
-keep class it.concorso.sanstino.stradesicure.widget.CanaroTextView { <init>(...); }

# view res/layout/grid_item.xml #generated:5
-keep class it.concorso.sanstino.stradesicure.widget.SquareImageView { <init>(...); }

# view v21\res/transition-v21/quiz_shared_enter.xml #generated:8
-keep class it.concorso.sanstino.stradesicure.widget.TextResizeTransition { <init>(...); }

# view res/layout/answer_submit.xml #generated:3
-keep class it.concorso.sanstino.stradesicure.widget.fab.CheckableFab { <init>(...); }