app/build/outputs/mapping/debug/seeds.txt
com.concorso.android.stradesicure.R$anim: int abc_fade_in
com.concorso.android.stradesicure.R$anim: int abc_fade_out
com.concorso.android.stradesicure.R$anim: int abc_grow_fade_in_from_bottom
com.concorso.android.stradesicure.R$anim: int abc_popup_enter
com.concorso.android.stradesicure.R$anim: int abc_popup_exit
com.concorso.android.stradesicure.R$anim: int abc_shrink_fade_out_from_bottom
com.concorso.android.stradesicure.R$anim: int abc_slide_in_bottom
com.concorso.android.stradesicure.R$anim: int abc_slide_in_top
com.concorso.android.stradesicure.R$anim: int abc_slide_out_bottom
com.concorso.android.stradesicure.R$anim: int abc_slide_out_top
com.concorso.android.stradesicure.R$anim: int alpha
com.concorso.android.stradesicure.R$anim: int cycle_2
com.concorso.android.stradesicure.R$anim: int design_bottom_sheet_slide_in
com.concorso.android.stradesicure.R$anim: int design_bottom_sheet_slide_out
com.concorso.android.stradesicure.R$anim: int design_fab_in
com.concorso.android.stradesicure.R$anim: int design_fab_out
com.concorso.android.stradesicure.R$anim: int design_snackbar_in
com.concorso.android.stradesicure.R$anim: int design_snackbar_out
com.concorso.android.stradesicure.R$anim: int shake
com.concorso.android.stradesicure.R$anim: int translate_y_bottom_up
com.concorso.android.stradesicure.R$animator: int cross_to_tick_line_1
com.concorso.android.stradesicure.R$animator: int cross_to_tick_line_2
com.concorso.android.stradesicure.R$animator: int rotate_cross_to_tick
com.concorso.android.stradesicure.R$animator: int rotate_tick_to_cross
com.concorso.android.stradesicure.R$animator: int slide_in_bottom
com.concorso.android.stradesicure.R$animator: int slide_out_top
com.concorso.android.stradesicure.R$animator: int tick_to_cross_line_1
com.concorso.android.stradesicure.R$animator: int tick_to_cross_line_2
com.concorso.android.stradesicure.R$array: int pref_titles_splash_duration
com.concorso.android.stradesicure.R$array: int pref_values_splash_duration
com.concorso.android.stradesicure.R$attr: int about_libraries_card
com.concorso.android.stradesicure.R$attr: int about_libraries_dividerDark_openSource
com.concorso.android.stradesicure.R$attr: int about_libraries_dividerLight_openSource
com.concorso.android.stradesicure.R$attr: int about_libraries_special_button_openSource
com.concorso.android.stradesicure.R$attr: int about_libraries_text_openSource
com.concorso.android.stradesicure.R$attr: int about_libraries_title_openSource
com.concorso.android.stradesicure.R$attr: int about_libraries_window_background
com.concorso.android.stradesicure.R$attr: int actionBarDivider
com.concorso.android.stradesicure.R$attr: int actionBarItemBackground
com.concorso.android.stradesicure.R$attr: int actionBarPopupTheme
com.concorso.android.stradesicure.R$attr: int actionBarSize
com.concorso.android.stradesicure.R$attr: int actionBarSplitStyle
com.concorso.android.stradesicure.R$attr: int actionBarStyle
com.concorso.android.stradesicure.R$attr: int actionBarTabBarStyle
com.concorso.android.stradesicure.R$attr: int actionBarTabStyle
com.concorso.android.stradesicure.R$attr: int actionBarTabTextStyle
com.concorso.android.stradesicure.R$attr: int actionBarTheme
com.concorso.android.stradesicure.R$attr: int actionBarWidgetTheme
com.concorso.android.stradesicure.R$attr: int actionButtonStyle
com.concorso.android.stradesicure.R$attr: int actionDropDownStyle
com.concorso.android.stradesicure.R$attr: int actionLayout
...
android.support.v8.renderscript.Type$CubemapFace: android.support.v8.renderscript.Type$CubemapFace[] values()
android.support.v8.renderscript.Type$CubemapFace: android.support.v8.renderscript.Type$CubemapFace valueOf(java.lang.String)
bitter.jnibridge.JNIBridge
bitter.jnibridge.JNIBridge: java.lang.Object invoke(long,java.lang.Class,java.lang.reflect.Method,java.lang.Object[])
bitter.jnibridge.JNIBridge: void delete(long)
com.mikepenz.aboutlibraries.LibTaskExecutor: com.mikepenz.aboutlibraries.LibTaskExecutor[] values()
com.mikepenz.aboutlibraries.LibTaskExecutor: com.mikepenz.aboutlibraries.LibTaskExecutor valueOf(java.lang.String)
com.mikepenz.aboutlibraries.Libs$ActivityStyle: com.mikepenz.aboutlibraries.Libs$ActivityStyle[] values()
com.mikepenz.aboutlibraries.Libs$ActivityStyle: com.mikepenz.aboutlibraries.Libs$ActivityStyle valueOf(java.lang.String)
com.mikepenz.aboutlibraries.Libs$LibraryFields: com.mikepenz.aboutlibraries.Libs$LibraryFields[] values()
com.mikepenz.aboutlibraries.Libs$LibraryFields: com.mikepenz.aboutlibraries.Libs$LibraryFields valueOf(java.lang.String)
com.mikepenz.aboutlibraries.Libs$SpecialButton: com.mikepenz.aboutlibraries.Libs$SpecialButton[] values()
com.mikepenz.aboutlibraries.Libs$SpecialButton: com.mikepenz.aboutlibraries.Libs$SpecialButton valueOf(java.lang.String)
com.mikepenz.aboutlibraries.R$anim: int abc_fade_in
com.mikepenz.aboutlibraries.R$anim: int abc_fade_out
com.mikepenz.aboutlibraries.R$anim: int abc_grow_fade_in_from_bottom
com.mikepenz.aboutlibraries.R$anim: int abc_popup_enter
com.mikepenz.aboutlibraries.R$anim: int abc_popup_exit
com.mikepenz.aboutlibraries.R$anim: int abc_shrink_fade_out_from_bottom
com.mikepenz.aboutlibraries.R$anim: int abc_slide_in_bottom
com.mikepenz.aboutlibraries.R$anim: int abc_slide_in_top
com.mikepenz.aboutlibraries.R$anim: int abc_slide_out_bottom
com.mikepenz.aboutlibraries.R$anim: int abc_slide_out_top
com.mikepenz.aboutlibraries.R$attr: int about_libraries_card
com.mikepenz.aboutlibraries.R$attr: int about_libraries_dividerDark_openSource
com.mikepenz.aboutlibraries.R$attr: int about_libraries_dividerLight_openSource
com.mikepenz.aboutlibraries.R$attr: int about_libraries_special_button_openSource
com.mikepenz.aboutlibraries.R$attr: int about_libraries_text_openSource
com.mikepenz.aboutlibraries.R$attr: int about_libraries_title_openSource
com.mikepenz.aboutlibraries.R$attr: int about_libraries_window_background
com.mikepenz.aboutlibraries.R$attr: int actionBarDivider
com.mikepenz.aboutlibraries.R$attr: int actionBarItemBackground
com.mikepenz.aboutlibraries.R$attr: int actionBarPopupTheme
com.mikepenz.aboutlibraries.R$attr: int actionBarSize
com.mikepenz.aboutlibraries.R$attr: int actionBarSplitStyle
com.mikepenz.aboutlibraries.R$attr: int actionBarStyle
com.mikepenz.aboutlibraries.R$attr: int actionBarTabBarStyle
com.mikepenz.aboutlibraries.R$attr: int actionBarTabStyle
com.mikepenz.aboutlibraries.R$attr: int actionBarTabTextStyle
com.mikepenz.aboutlibraries.R$attr: int actionBarTheme
com.mikepenz.aboutlibraries.R$attr: int actionBarWidgetTheme
com.mikepenz.aboutlibraries.R$attr: int actionButtonStyle
com.mikepenz.aboutlibraries.R$attr: int actionDropDownStyle
com.mikepenz.aboutlibraries.R$attr: int actionLayout
com.mikepenz.aboutlibraries.R$attr: int actionMenuTextAppearance
com.mikepenz.aboutlibraries.R$attr: int actionMenuTextColor
com.mikepenz.aboutlibraries.R$bool: int abc_action_bar_embed_tabs
com.mikepenz.aboutlibraries.R$bool: int abc_action_bar_embed_tabs_pre_jb
com.mikepenz.aboutlibraries.R$bool: int abc_action_bar_expanded_action_views_exclusive
com.mikepenz.aboutlibraries.R$bool: int abc_allow_stacked_button_bar
com.mikepenz.aboutlibraries.R$bool: int abc_config_actionMenuItemAllCaps
com.mikepenz.aboutlibraries.R$bool: int abc_config_allowActionMenuItemTextWithIcon
com.mikepenz.aboutlibraries.R$bool: int abc_config_closeDialogWhenTouchOutside
com.mikepenz.aboutlibraries.R$bool: int abc_config_showMenuShortcutsWhenKeyboardPresent