app/build/outputs/mapping/debug/mapping.txt
com.concorso.android.stradesicure.R -> com.a.a.a.a:
com.concorso.android.stradesicure.R$string -> com.a.a.a.b:
    int abc_action_bar_home_description -> abc_action_bar_home_description
    int abc_action_bar_home_description_format -> abc_action_bar_home_description_format
    int abc_action_bar_home_subtitle_description_format -> abc_action_bar_home_subtitle_description_format
    int abc_action_bar_up_description -> abc_action_bar_up_description
    int abc_action_menu_overflow_description -> abc_action_menu_overflow_description
    int abc_action_mode_done -> abc_action_mode_done
    int abc_activity_chooser_view_see_all -> abc_activity_chooser_view_see_all
    int abc_activitychooserview_choose_application -> abc_activitychooserview_choose_application
    int abc_capital_off -> abc_capital_off
    int abc_capital_on -> abc_capital_on
    int abc_search_hint -> abc_search_hint
    int abc_searchview_description_clear -> abc_searchview_description_clear
    int abc_searchview_description_query -> abc_searchview_description_query
    int abc_searchview_description_search -> abc_searchview_description_search
    int abc_searchview_description_submit -> abc_searchview_description_submit
    int abc_searchview_description_voice -> abc_searchview_description_voice
    int abc_shareactionprovider_share_with -> abc_shareactionprovider_share_with
    int abc_shareactionprovider_share_with_application -> abc_shareactionprovider_share_with_application
    int abc_toolbar_collapse_description -> abc_toolbar_collapse_description
com.concorso.android.stradesicure.R$styleable -> com.a.a.a.c:
    int[] AboutLibraries -> AboutLibraries
    int AboutLibraries_about_libraries_card -> AboutLibraries_about_libraries_card
    int AboutLibraries_about_libraries_dividerDark_openSource -> AboutLibraries_about_libraries_dividerDark_openSource
    int AboutLibraries_about_libraries_dividerLight_openSource -> AboutLibraries_about_libraries_dividerLight_openSource
    int AboutLibraries_about_libraries_special_button_openSource -> AboutLibraries_about_libraries_special_button_openSource
    int AboutLibraries_about_libraries_text_openSource -> AboutLibraries_about_libraries_text_openSource
    int AboutLibraries_about_libraries_title_openSource -> AboutLibraries_about_libraries_title_openSource
    int AboutLibraries_about_libraries_window_background -> AboutLibraries_about_libraries_window_background
    int[] ActionBar -> ActionBar
    int ActionBar_background -> ActionBar_background
    int ActionBar_backgroundSplit -> ActionBar_backgroundSplit
    int ActionBar_backgroundStacked -> ActionBar_backgroundStacked
    int ActionBar_contentInsetEnd -> ActionBar_contentInsetEnd
    int ActionBar_contentInsetLeft -> ActionBar_contentInsetLeft
    int ActionBar_contentInsetRight -> ActionBar_contentInsetRight
    int ActionBar_contentInsetStart -> ActionBar_contentInsetStart
    int ActionBar_customNavigationLayout -> ActionBar_customNavigationLayout
    int ActionBar_displayOptions -> ActionBar_displayOptions
...
android.support.v7.widget.ViewInfoStore$InfoRecord -> android.support.v7.widget.hf:
    int flags -> a
    android.support.v7.widget.RecyclerView$ItemAnimator$ItemHolderInfo preInfo -> b
    android.support.v7.widget.RecyclerView$ItemAnimator$ItemHolderInfo postInfo -> c
    android.support.v4.util.Pools$Pool sPool -> d
    void <init>() -> <init>
    android.support.v7.widget.ViewInfoStore$InfoRecord obtain() -> a
    void recycle(android.support.v7.widget.ViewInfoStore$InfoRecord) -> a
    void drainCache() -> b
    void <clinit>() -> <clinit>
android.support.v7.widget.ViewInfoStore$ProcessCallback -> android.support.v7.widget.hg:
    void processDisappeared(android.support.v7.widget.RecyclerView$ViewHolder,android.support.v7.widget.RecyclerView$ItemAnimator$ItemHolderInfo,android.support.v7.widget.RecyclerView$ItemAnimator$ItemHolderInfo) -> a
    void processAppeared(android.support.v7.widget.RecyclerView$ViewHolder,android.support.v7.widget.RecyclerView$ItemAnimator$ItemHolderInfo,android.support.v7.widget.RecyclerView$ItemAnimator$ItemHolderInfo) -> b
    void processPersistent(android.support.v7.widget.RecyclerView$ViewHolder,android.support.v7.widget.RecyclerView$ItemAnimator$ItemHolderInfo,android.support.v7.widget.RecyclerView$ItemAnimator$ItemHolderInfo) -> c
    void unused(android.support.v7.widget.RecyclerView$ViewHolder) -> a
android.support.v7.widget.ViewStubCompat -> android.support.v7.widget.ViewStubCompat:
    int mLayoutResource -> a
    int mInflatedId -> b
    java.lang.ref.WeakReference mInflatedViewRef -> c
    android.view.LayoutInflater mInflater -> d
    android.support.v7.widget.ViewStubCompat$OnInflateListener mInflateListener -> e
    void <init>(android.content.Context,android.util.AttributeSet) -> <init>
    void <init>(android.content.Context,android.util.AttributeSet,int) -> <init>
    int getInflatedId() -> getInflatedId
    void setInflatedId(int) -> setInflatedId
    int getLayoutResource() -> getLayoutResource
    void setLayoutResource(int) -> setLayoutResource
    void setLayoutInflater(android.view.LayoutInflater) -> setLayoutInflater
    android.view.LayoutInflater getLayoutInflater() -> getLayoutInflater
    void onMeasure(int,int) -> onMeasure
    void draw(android.graphics.Canvas) -> draw
    void dispatchDraw(android.graphics.Canvas) -> dispatchDraw
    void setVisibility(int) -> setVisibility
    android.view.View inflate() -> a
    void setOnInflateListener(android.support.v7.widget.ViewStubCompat$OnInflateListener) -> setOnInflateListener
android.support.v7.widget.ViewStubCompat$OnInflateListener -> android.support.v7.widget.hh:
    void onInflate(android.support.v7.widget.ViewStubCompat,android.view.View) -> a
android.support.v7.widget.ViewUtils -> android.support.v7.widget.hi:
    java.lang.reflect.Method sComputeFitSystemWindowsMethod -> a
    boolean isLayoutRtl(android.view.View) -> a
    int combineMeasuredStates(int,int) -> a
    void computeFitSystemWindows(android.view.View,android.graphics.Rect,android.graphics.Rect) -> a
    void makeOptionalFitsSystemWindows(android.view.View) -> b
    void <clinit>() -> <clinit>
com.mikepenz.aboutlibraries.LibTaskCallback -> com.mikepenz.aboutlibraries.a:
    void onLibTaskStarted() -> a
    void onLibTaskFinished(com.mikepenz.fastadapter.adapters.FastItemAdapter) -> a
com.mikepenz.aboutlibraries.LibTaskExecutor -> com.mikepenz.aboutlibraries.b:
    com.mikepenz.aboutlibraries.LibTaskExecutor DEFAULT_EXECUTOR -> a
    com.mikepenz.aboutlibraries.LibTaskExecutor THREAD_POOL_EXECUTOR -> b
    com.mikepenz.aboutlibraries.LibTaskExecutor SERIAL_EXECUTOR -> c
    com.mikepenz.aboutlibraries.LibTaskExecutor[] $VALUES -> d
    com.mikepenz.aboutlibraries.LibTaskExecutor[] values() -> values
    com.mikepenz.aboutlibraries.LibTaskExecutor valueOf(java.lang.String) -> valueOf
    void <init>(java.lang.String,int) -> <init>
    void <clinit>() -> <clinit>