app/build/outputs/mapping/debug/usage.txt
com.concorso.android.stradesicure.BuildConfig
com.concorso.android.stradesicure.R:
    10:10:public R()
com.concorso.android.stradesicure.R$anim
com.concorso.android.stradesicure.R$animator
com.concorso.android.stradesicure.R$array
com.concorso.android.stradesicure.R$attr
com.concorso.android.stradesicure.R$bool
com.concorso.android.stradesicure.R$color
com.concorso.android.stradesicure.R$dimen
com.concorso.android.stradesicure.R$drawable
com.concorso.android.stradesicure.R$id
com.concorso.android.stradesicure.R$integer
com.concorso.android.stradesicure.R$layout
com.concorso.android.stradesicure.R$menu
com.concorso.android.stradesicure.R$mipmap
com.concorso.android.stradesicure.R$plurals
com.concorso.android.stradesicure.R$raw
com.concorso.android.stradesicure.R$style
com.concorso.android.stradesicure.R$styleable:
    5338:5338:public R$styleable()
com.concorso.android.stradesicure.R$transition
com.concorso.android.stradesicure.R$xml
...
android.support.v4.content.ContentResolverCompat$ContentResolverCompatImpl
android.support.v4.content.ContentResolverCompat$ContentResolverCompatImplBase
android.support.v4.content.ContentResolverCompat$ContentResolverCompatImplJB
android.support.v4.content.ContentResolverCompatJellybean
android.support.v4.content.ContextCompat:
    private static final java.lang.String TAG
    private static final java.lang.String DIR_ANDROID
    private static final java.lang.String DIR_DATA
    private static final java.lang.String DIR_OBB
    private static final java.lang.String DIR_FILES
    private static final java.lang.String DIR_CACHE
    38:38:public ContextCompat()
    73:73:public static boolean startActivities(android.content.Context,android.content.Intent[])
    160:171:public static java.io.File[] getObbDirs(android.content.Context)
    220:231:public static java.io.File[] getExternalFilesDirs(android.content.Context,java.lang.String)
    280:291:public static java.io.File[] getExternalCacheDirs(android.content.Context)
    296:304:private static varargs java.io.File buildPath(java.io.File,java.lang.String[])
    342:346:public static final android.content.res.ColorStateList getColorStateList(android.content.Context,int)
    407:412:public final java.io.File getNoBackupFilesDir(android.content.Context)
    432:437:public static java.io.File getCodeCacheDir(android.content.Context)
    442:452:private static synchronized java.io.File createFilesDir(java.io.File)
android.support.v4.content.ContextCompatApi21:
    24:24:ContextCompatApi21()
    30:30:public static java.io.File getNoBackupFilesDir(android.content.Context)
    34:34:public static java.io.File getCodeCacheDir(android.content.Context)
android.support.v4.content.ContextCompatApi23:
    25:25:ContextCompatApi23()
    27:27:public static android.content.res.ColorStateList getColorStateList(android.content.Context,int)
android.support.v4.content.ContextCompatFroyo
android.support.v4.content.ContextCompatHoneycomb:
    27:27:ContextCompatHoneycomb()
    34:34:public static java.io.File getObbDir(android.content.Context)
android.support.v4.content.ContextCompatJellybean:
    23:23:ContextCompatJellybean()
android.support.v4.content.ContextCompatKitKat
android.support.v4.content.CursorLoader
android.support.v4.content.EditorCompatGingerbread
android.support.v4.content.ExecutorCompatHoneycomb
android.support.v4.content.FileProvider
android.support.v4.content.FileProvider$PathStrategy
android.support.v4.content.FileProvider$SimplePathStrategy
android.support.v4.content.IntentCompat:
    public static final java.lang.String ACTION_EXTERNAL_APPLICATIONS_AVAILABLE
    public static final java.lang.String ACTION_EXTERNAL_APPLICATIONS_UNAVAILABLE
    public static final java.lang.String EXTRA_CHANGED_PACKAGE_LIST
    public static final java.lang.String EXTRA_CHANGED_UID_LIST
    public static final java.lang.String EXTRA_HTML_TEXT
    public static final java.lang.String CATEGORY_LEANBACK_LAUNCHER
    public static final int FLAG_ACTIVITY_TASK_ON_HOME
    public static final int FLAG_ACTIVITY_CLEAR_TASK
    95:97:private IntentCompat()
    255:255:public static android.content.Intent makeMainSelectorActivity(java.lang.String,java.lang.String)
    272:272:public static android.content.Intent makeRestartActivityTask(android.content.ComponentName)
android.support.v4.content.IntentCompat$IntentCompatImpl:
    public abstract android.content.Intent makeMainSelectorActivity(java.lang.String,java.lang.String)
    public abstract android.content.Intent makeRestartActivityTask(android.content.ComponentName)
android.support.v4.content.IntentCompat$IntentCompatImplBase:
    51:53:public android.content.Intent makeMainSelectorActivity(java.lang.String,java.lang.String)
    58:61:public android.content.Intent makeRestartActivityTask(android.content.ComponentName)